#
# A fatal error has been detected by the Java Runtime Environment:
#
#  SIGBUS (0xa) at pc=0x0000000104d5fd68, pid=13158, tid=8451
#
# JRE version: Java(TM) SE Runtime Environment (17.0.11+7) (build 17.0.11+7-LTS-207)
# Java VM: Java HotSpot(TM) 64-Bit Server VM (17.0.11+7-LTS-207, mixed mode, emulated-client, sharing, tiered, compressed oops, compressed class ptrs, g1 gc, bsd-aarch64)
# Problematic frame:
# C  [libzip.dylib+0x13d68]  newEntry+0x68
#
# No core dump will be written. Core dumps have been disabled. To enable core dumping, try "ulimit -c unlimited" before starting Java again
#
# If you would like to submit a bug report, please visit:
#   https://bugreport.java.com/bugreport/crash.jsp
# The crash happened outside the Java Virtual Machine in native code.
# See problematic frame for where to report the bug.
#

---------------  S U M M A R Y ------------

Command Line: -agentlib:jdwp=transport=dt_socket,address=127.0.0.1:53912,suspend=y,server=n -XX:TieredStopAtLevel=1 -Dspring.output.ansi.enabled=always -Dcom.sun.management.jmxremote -Dspring.jmx.enabled=true -Dspring.liveBeansView.mbeanDomain -Dspring.application.admin.enabled=true -Dmanagement.endpoints.jmx.exposure.include=* -javaagent:/Users/sdhotre/Library/Caches/JetBrains/IntelliJIdea2024.2/captureAgent/debugger-agent.jar -Dkotlinx.coroutines.debug.enable.creation.stack.trace=false -Ddebugger.agent.enable.coroutines=true -Dfile.encoding=UTF-8 io.MicroServicesMovies.movies_catalog_services.MoviesCatalogServicesApplication

Host: "Mac14,10" arm64 1 MHz, 12 cores, 32G, Darwin 23.6.0, macOS 14.7 (23H124)
Time: Sat Dec 21 22:04:24 2024 IST elapsed time: 1.072642 seconds (0d 0h 0m 1s)

---------------  T H R E A D  ---------------

Current thread (0x000000014700fa00):  JavaThread "main" [_thread_in_native, id=8451, stack(0x000000016b2ec000,0x000000016b4ef000)]

Stack: [0x000000016b2ec000,0x000000016b4ef000],  sp=0x000000016b4ec510,  free space=2049k
Native frames: (J=compiled Java code, j=interpreted, Vv=VM code, C=native code)
C  [libzip.dylib+0x13d68]  newEntry+0x68
C  [libzip.dylib+0x13c38]  ZIP_GetEntry2+0x14c
C  [libzip.dylib+0x14620]  ZIP_FindEntry+0x3c
V  [libjvm.dylib+0x25a2fc]  ClassPathZipEntry::open_entry(JavaThread*, char const*, int*, bool)+0xb4
V  [libjvm.dylib+0x25a430]  ClassPathZipEntry::open_stream(JavaThread*, char const*)+0x20
V  [libjvm.dylib+0x25d5c0]  ClassLoader::load_class(Symbol*, bool, JavaThread*)+0x150
V  [libjvm.dylib+0x8eb53c]  SystemDictionary::load_instance_class_impl(Symbol*, Handle, JavaThread*)+0x2d0
V  [libjvm.dylib+0x8e9e28]  SystemDictionary::load_instance_class(unsigned int, Symbol*, Handle, JavaThread*)+0x30
V  [libjvm.dylib+0x8e9530]  SystemDictionary::resolve_instance_class_or_null(Symbol*, Handle, Handle, JavaThread*)+0x4f4
V  [libjvm.dylib+0x8e8b04]  SystemDictionary::resolve_or_fail(Symbol*, Handle, Handle, bool, JavaThread*)+0x80
V  [libjvm.dylib+0x2b921c]  ConstantPool::klass_at_impl(constantPoolHandle const&, int, JavaThread*)+0x1e0
V  [libjvm.dylib+0x463b0c]  InterpreterRuntime::_new(JavaThread*, ConstantPool*, int)+0x94
j  com.intellij.rt.debugger.agent.CaptureStorage.createCapturedStack(Ljava/lang/Throwable;Lcom/intellij/rt/debugger/agent/CaptureStorage$CapturedStack;)Lcom/intellij/rt/debugger/agent/CaptureStorage$CapturedStack;+4
j  com.intellij.rt.debugger.agent.CaptureStorage.capture(Ljava/lang/Object;)V+79
j  java.util.concurrent.FutureTask.<init>(Ljava/util/concurrent/Callable;)V+5 java.base@17.0.11
j  org.springframework.cglib.core.internal.LoadingCache.createEntry(Ljava/lang/Object;Ljava/lang/Object;Ljava/lang/Object;)Ljava/lang/Object;+27
j  org.springframework.cglib.core.internal.LoadingCache.get(Ljava/lang/Object;)Ljava/lang/Object;+39
j  org.springframework.cglib.core.AbstractClassGenerator$ClassLoaderData.get(Lorg/springframework/cglib/core/AbstractClassGenerator;Z)Ljava/lang/Object;+15
j  org.springframework.cglib.core.AbstractClassGenerator.create(Ljava/lang/Object;)Ljava/lang/Object;+115
j  org.springframework.cglib.reflect.FastClass$Generator.create()Lorg/springframework/cglib/reflect/FastClass;+19
j  org.springframework.cglib.proxy.MethodProxy.helper(Lorg/springframework/cglib/proxy/MethodProxy$CreateInfo;Ljava/lang/Class;)Lorg/springframework/cglib/reflect/FastClass;+54
j  org.springframework.cglib.proxy.MethodProxy.init()V+40
j  org.springframework.cglib.proxy.MethodProxy.create(Ljava/lang/Class;Ljava/lang/Class;Ljava/lang/String;Ljava/lang/String;Ljava/lang/String;)Lorg/springframework/cglib/proxy/MethodProxy;+80
j  io.MicroServicesMovies.movies_catalog_services.MoviesCatalogServicesApplication$$SpringCGLIB$$0.CGLIB$STATICHOOK1()V+112
j  io.MicroServicesMovies.movies_catalog_services.MoviesCatalogServicesApplication$$SpringCGLIB$$0.<clinit>()V+3
v  ~StubRoutines::call_stub
V  [libjvm.dylib+0x46dc00]  JavaCalls::call_helper(JavaValue*, methodHandle const&, JavaCallArguments*, JavaThread*)+0x38c
V  [libjvm.dylib+0x44e938]  InstanceKlass::call_class_initializer(JavaThread*)+0x1e8
V  [libjvm.dylib+0x44dcf4]  InstanceKlass::initialize_impl(JavaThread*)+0x4a4
V  [libjvm.dylib+0x50f8f0]  JVM_FindClassFromCaller+0x340
C  [libjava.dylib+0x39f8]  Java_java_lang_Class_forName0+0x138
J 876  java.lang.Class.forName0(Ljava/lang/String;ZLjava/lang/ClassLoader;Ljava/lang/Class;)Ljava/lang/Class; java.base@17.0.11 (0 bytes) @ 0x000000010ea944ec [0x000000010ea94440+0x00000000000000ac]
C  0x0000007000355bb8

Java frames: (J=compiled Java code, j=interpreted, Vv=VM code)
j  com.intellij.rt.debugger.agent.CaptureStorage.createCapturedStack(Ljava/lang/Throwable;Lcom/intellij/rt/debugger/agent/CaptureStorage$CapturedStack;)Lcom/intellij/rt/debugger/agent/CaptureStorage$CapturedStack;+4
j  com.intellij.rt.debugger.agent.CaptureStorage.capture(Ljava/lang/Object;)V+79
j  java.util.concurrent.FutureTask.<init>(Ljava/util/concurrent/Callable;)V+5 java.base@17.0.11
j  org.springframework.cglib.core.internal.LoadingCache.createEntry(Ljava/lang/Object;Ljava/lang/Object;Ljava/lang/Object;)Ljava/lang/Object;+27
j  org.springframework.cglib.core.internal.LoadingCache.get(Ljava/lang/Object;)Ljava/lang/Object;+39
j  org.springframework.cglib.core.AbstractClassGenerator$ClassLoaderData.get(Lorg/springframework/cglib/core/AbstractClassGenerator;Z)Ljava/lang/Object;+15
j  org.springframework.cglib.core.AbstractClassGenerator.create(Ljava/lang/Object;)Ljava/lang/Object;+115
j  org.springframework.cglib.reflect.FastClass$Generator.create()Lorg/springframework/cglib/reflect/FastClass;+19
j  org.springframework.cglib.proxy.MethodProxy.helper(Lorg/springframework/cglib/proxy/MethodProxy$CreateInfo;Ljava/lang/Class;)Lorg/springframework/cglib/reflect/FastClass;+54
j  org.springframework.cglib.proxy.MethodProxy.init()V+40
j  org.springframework.cglib.proxy.MethodProxy.create(Ljava/lang/Class;Ljava/lang/Class;Ljava/lang/String;Ljava/lang/String;Ljava/lang/String;)Lorg/springframework/cglib/proxy/MethodProxy;+80
j  io.MicroServicesMovies.movies_catalog_services.MoviesCatalogServicesApplication$$SpringCGLIB$$0.CGLIB$STATICHOOK1()V+112
j  io.MicroServicesMovies.movies_catalog_services.MoviesCatalogServicesApplication$$SpringCGLIB$$0.<clinit>()V+3
v  ~StubRoutines::call_stub
J 876  java.lang.Class.forName0(Ljava/lang/String;ZLjava/lang/ClassLoader;Ljava/lang/Class;)Ljava/lang/Class; java.base@17.0.11 (0 bytes) @ 0x000000010ea944ec [0x000000010ea94440+0x00000000000000ac]
J 889 c1 java.lang.Class.forName(Ljava/lang/String;ZLjava/lang/ClassLoader;)Ljava/lang/Class; java.base@17.0.11 (47 bytes) @ 0x000000010ea997c8 [0x000000010ea996c0+0x0000000000000108]
j  org.springframework.cglib.core.ReflectUtils.defineClass(Ljava/lang/String;[BLjava/lang/ClassLoader;Ljava/security/ProtectionDomain;Ljava/lang/Class;)Ljava/lang/Class;+399
j  org.springframework.cglib.core.AbstractClassGenerator.generate(Lorg/springframework/cglib/core/AbstractClassGenerator$ClassLoaderData;)Ljava/lang/Class;+209
j  org.springframework.cglib.proxy.Enhancer.generate(Lorg/springframework/cglib/core/AbstractClassGenerator$ClassLoaderData;)Ljava/lang/Class;+53
j  org.springframework.cglib.core.AbstractClassGenerator$ClassLoaderData.lambda$new$1(Lorg/springframework/cglib/core/AbstractClassGenerator;)Ljava/lang/Object;+2
j  org.springframework.cglib.core.AbstractClassGenerator$ClassLoaderData$$Lambda$524+0x000000700139bec8.apply(Ljava/lang/Object;)Ljava/lang/Object;+8
j  org.springframework.cglib.core.internal.LoadingCache.lambda$createEntry$1(Ljava/lang/Object;)Ljava/lang/Object;+5
j  org.springframework.cglib.core.internal.LoadingCache$$Lambda$526+0x000000700139c530.call()Ljava/lang/Object;+8
j  java.util.concurrent.FutureTask.run$$$capture()V+39 java.base@17.0.11
j  java.util.concurrent.FutureTask.run()V+5 java.base@17.0.11
j  org.springframework.cglib.core.internal.LoadingCache.createEntry(Ljava/lang/Object;Ljava/lang/Object;Ljava/lang/Object;)Ljava/lang/Object;+56
j  org.springframework.cglib.core.internal.LoadingCache.get(Ljava/lang/Object;)Ljava/lang/Object;+39
j  org.springframework.cglib.core.AbstractClassGenerator$ClassLoaderData.get(Lorg/springframework/cglib/core/AbstractClassGenerator;Z)Ljava/lang/Object;+15
j  org.springframework.cglib.core.AbstractClassGenerator.create(Ljava/lang/Object;)Ljava/lang/Object;+115
j  org.springframework.cglib.proxy.Enhancer.createHelper()Ljava/lang/Object;+102
j  org.springframework.cglib.proxy.Enhancer.createClass()Ljava/lang/Class;+6
j  org.springframework.context.annotation.ConfigurationClassEnhancer.createClass(Lorg/springframework/cglib/proxy/Enhancer;)Ljava/lang/Class;+1
j  org.springframework.context.annotation.ConfigurationClassEnhancer.enhance(Ljava/lang/Class;Ljava/lang/ClassLoader;)Ljava/lang/Class;+53
j  org.springframework.context.annotation.ConfigurationClassPostProcessor.enhanceConfigurationClasses(Lorg/springframework/beans/factory/config/ConfigurableListableBeanFactory;)V+418
j  org.springframework.context.annotation.ConfigurationClassPostProcessor.postProcessBeanFactory(Lorg/springframework/beans/factory/config/ConfigurableListableBeanFactory;)V+75
j  org.springframework.context.support.PostProcessorRegistrationDelegate.invokeBeanFactoryPostProcessors(Ljava/util/Collection;Lorg/springframework/beans/factory/config/ConfigurableListableBeanFactory;)V+61
j  org.springframework.context.support.PostProcessorRegistrationDelegate.invokeBeanFactoryPostProcessors(Lorg/springframework/beans/factory/config/ConfigurableListableBeanFactory;Ljava/util/List;)V+521
j  org.springframework.context.support.AbstractApplicationContext.invokeBeanFactoryPostProcessors(Lorg/springframework/beans/factory/config/ConfigurableListableBeanFactory;)V+5
j  org.springframework.context.support.AbstractApplicationContext.refresh()V+62
j  org.springframework.boot.web.servlet.context.ServletWebServerApplicationContext.refresh()V+1
j  org.springframework.boot.SpringApplication.refresh(Lorg/springframework/context/ConfigurableApplicationContext;)V+1
j  org.springframework.boot.SpringApplication.refreshContext(Lorg/springframework/context/ConfigurableApplicationContext;)V+19
j  org.springframework.boot.SpringApplication.run([Ljava/lang/String;)Lorg/springframework/context/ConfigurableApplicationContext;+113
j  org.springframework.boot.SpringApplication.run([Ljava/lang/Class;[Ljava/lang/String;)Lorg/springframework/context/ConfigurableApplicationContext;+9
j  org.springframework.boot.SpringApplication.run(Ljava/lang/Class;[Ljava/lang/String;)Lorg/springframework/context/ConfigurableApplicationContext;+9
j  io.MicroServicesMovies.movies_catalog_services.MoviesCatalogServicesApplication.main([Ljava/lang/String;)V+3
v  ~StubRoutines::call_stub

siginfo: si_signo: 10 (SIGBUS), si_code: 1 (BUS_ADRALN), si_addr: 0x0000000104be3884

Registers:
 x0=0x00006000020f0dc0  x1=0x0000000000000000  x2=0xffffffffffffffd0  x3=0x00006000020f0dd0
 x4=0x00006000020f0e40  x5=0x0000000023200000  x6=0x000000000000006b  x7=0x000000061c9b3340
 x8=0x0000000104cdb868  x9=0x00000000000f8000 x10=0x0000000000000dc0 x11=0x0000000000000050
x12=0x0000000000000001 x13=0x00000000ffffff60 x14=0x00000000000007fb x15=0x00000000a304fffb
x16=0x0000000184e55e70 x17=0x00000001f737f140 x18=0x0000000000000000 x19=0x00006000020f0dc0
x20=0x0000000000000000 x21=0x0000600003628000 x22=0x0000000104be3868 x23=0x000000002d1adf6e
x24=0x000000000000002f x25=0x0000000000000045 x26=0x00000000000000b5 x27=0x00006000020f0de8
x28=0x0000000144f04c70  fp=0x000000016b4ec590  lr=0x6056000104d5fd34  sp=0x000000016b4ec510
pc=0x0000000104d5fd68 cpsr=0x0000000080001000

Register to memory mapping:

 x0=0x00006000020f0dc0 points into unknown readable memory: 0x0000000000000000 | 00 00 00 00 00 00 00 00
 x1=0x0 is NULL
 x2=0xffffffffffffffd0 is an unknown value
 x3=0x00006000020f0dd0 points into unknown readable memory: 0x0000000000000000 | 00 00 00 00 00 00 00 00
 x4=0x00006000020f0e40 points into unknown readable memory: 0x0000000000000000 | 00 00 00 00 00 00 00 00
 x5=0x0000000023200000 is an unknown value
 x6=0x000000000000006b is an unknown value
 x7=0x000000061c9b3340 is an oop: java.util.WeakHashMap$Entry 
{0x000000061c9b3340} - klass: 'java/util/WeakHashMap$Entry'
 - ---- fields (total size 5 words):
 - private 'referent' 'Ljava/lang/Object;' @12  a 'jdk/internal/loader/ClassLoaders$AppClassLoader'{0x000000060029c600} (c00538c0)
 - volatile 'queue' 'Ljava/lang/ref/ReferenceQueue;' @16  a 'java/lang/ref/ReferenceQueue'{0x000000061c995ca8} (c3932b95)
 - volatile 'next' 'Ljava/lang/ref/Reference;' @20  NULL (0)
 - private transient 'discovered' 'Ljava/lang/ref/Reference;' @24  NULL (0)
 - final 'hash' 'I' @28  654543350 (270389f6)
 - 'value' 'Ljava/lang/Object;' @32  a 'org/springframework/cglib/core/AbstractClassGenerator$ClassLoaderData'{0x000000061c9a38b0} (c3934716)
 - 'next' 'Ljava/util/WeakHashMap$Entry;' @36  NULL (0)
 x8=0x0000000104cdb868 points into unknown readable memory: 0x0001000000010000 | 00 00 01 00 00 00 01 00
 x9=0x00000000000f8000 is an unknown value
x10=0x0000000000000dc0 is an unknown value
x11=0x0000000000000050 is an unknown value
x12=0x0000000000000001 is an unknown value
x13=0x00000000ffffff60 is an unknown value
x14=0x00000000000007fb is an unknown value
x15=0x00000000a304fffb is an unknown value
x16=0x0000000184e55e70: __bzero+0 in /usr/lib/system/libsystem_platform.dylib at 0x0000000184e52000
x17=0x00000001f737f140 points into unknown readable memory: 0x0000000184e55e70 | 70 5e e5 84 01 00 00 00
x18=0x0 is NULL
x19=0x00006000020f0dc0 points into unknown readable memory: 0x0000000000000000 | 00 00 00 00 00 00 00 00
x20=0x0 is NULL
x21=0x0000600003628000 points into unknown readable memory: 0x00006000027242a0 | a0 42 72 02 00 60 00 00
x22=0x0000000104be3868 points into unknown readable memory: 0x0000000002014b50 | 50 4b 01 02 00 00 00 00
x23=